<?xml version="1.0" encoding="UTF-8"?>
<!-- Generated by org.testng.reporters.JUnitReportReporter -->
<testsuite hostname="Dell-Falca-34ZLN12" failures="0" tests="1" name="Script.ToastMessage" time="13.309" errors="0" timestamp="2021-07-26T18:53:46 IST" skipped="0">
  <testcase classname="Script.ToastMessage" name="verifytoast" time="13.309"/>
  <system-out/>
</testsuite> <!-- Script.ToastMessage -->
