<?xml version="1.0" encoding="UTF-8"?>
<!-- Generated by org.testng.reporters.JUnitReportReporter -->
<testsuite skipped="0" hostname="Dell-Falca-34ZLN12" name="Script.PrintLinks" tests="1" failures="0" timestamp="10 Feb 2021 14:51:55 GMT" time="12.188" errors="0">
  <testcase name="printinglinks" time="12.188" classname="Script.PrintLinks"/>
</testsuite> <!-- Script.PrintLinks -->
