<?xml version="1.0" encoding="UTF-8"?>
<!-- Generated by org.testng.reporters.JUnitReportReporter -->
<testsuite skipped="0" hostname="Dell-Falca-34ZLN12" name="Script.Amzn" tests="1" failures="0" timestamp="2021-03-22T11:20:36 IST" time="28.236" errors="0">
  <testcase name="login" time="28.236" classname="Script.Amzn"/>
  <system-out/>
</testsuite> <!-- Script.Amzn -->
