<?xml version="1.0" encoding="UTF-8"?>
<!-- Generated by org.testng.reporters.JUnitReportReporter -->
<testsuite skipped="0" hostname="Dell-Falca-34ZLN12" name="Script.BrowserResolution" tests="1" failures="0" timestamp="17 Dec 2020 05:50:06 GMT" time="12.947" errors="0">
  <testcase name="resolution" time="12.947" classname="Script.BrowserResolution"/>
</testsuite> <!-- Script.BrowserResolution -->
