<?xml version="1.0" encoding="UTF-8"?>
<!-- Generated by org.testng.reporters.JUnitReportReporter -->
<testsuite skipped="0" hostname="Dell-Falca-34ZLN12" name="Script.ClassA" tests="1" failures="0" timestamp="06 Dec 2020 12:27:01 GMT" time="16.250" errors="0">
  <testcase name="MethodA" time="16.250" classname="Script.ClassA"/>
</testsuite> <!-- Script.ClassA -->
