<?xml version="1.0" encoding="UTF-8"?>
<!-- Generated by org.testng.reporters.JUnitReportReporter -->
<testsuite skipped="0" hostname="Dell-Falca-34ZLN12" name="Script.ToastMessage2" tests="1" failures="0" timestamp="16 Dec 2020 06:08:10 GMT" time="22.649" errors="0">
  <testcase name="verifytoast" time="22.649" classname="Script.ToastMessage2"/>
</testsuite> <!-- Script.ToastMessage2 -->
