<?xml version="1.0" encoding="UTF-8"?>
<!-- Generated by org.testng.reporters.JUnitReportReporter -->
<testsuite skipped="0" hostname="Dell-Falca-34ZLN12" name="Script.CaptureScreenshot" tests="1" failures="0" timestamp="03 Sep 2020 10:58:59 GMT" time="11.641" errors="0">
  <testcase name="flip" time="11.641" classname="Script.CaptureScreenshot"/>
</testsuite> <!-- Script.CaptureScreenshot -->
