<?xml version="1.0" encoding="UTF-8"?>
<!-- Generated by org.testng.reporters.JUnitReportReporter -->
<testsuite skipped="0" hostname="Dell-Falca-34ZLN12" name="Script.AmazonWebsite" tests="1" failures="0" timestamp="10 Mar 2021 11:29:40 GMT" time="18.311" errors="0">
  <testcase name="login" time="18.311" classname="Script.AmazonWebsite"/>
</testsuite> <!-- Script.AmazonWebsite -->
