<?xml version="1.0" encoding="UTF-8"?>
<!-- Generated by org.testng.reporters.JUnitReportReporter -->
<testsuite skipped="0" hostname="Dell-Falca-34ZLN12" name="Script.Screen" tests="1" failures="0" timestamp="04 Sep 2020 07:20:31 GMT" time="7.925" errors="0">
  <testcase name="takescnshot" time="7.925" classname="Script.Screen"/>
</testsuite> <!-- Script.Screen -->
