<?xml version="1.0" encoding="UTF-8"?>
<!-- Generated by org.testng.reporters.JUnitReportReporter -->
<testsuite skipped="0" hostname="Dell-Falca-34ZLN12" name="Script.Amzn" tests="1" failures="0" timestamp="12 Mar 2021 09:16:56 GMT" time="20.546" errors="0">
  <testcase name="login" time="20.546" classname="Script.Amzn"/>
</testsuite> <!-- Script.Amzn -->
