<?xml version="1.0" encoding="UTF-8"?>
<!-- Generated by org.testng.reporters.JUnitReportReporter -->
<testsuite skipped="0" hostname="Dell-Falca-34ZLN12" name="Script.Tooltip" tests="1" failures="0" timestamp="2021-05-25T19:07:07 IST" time="11.768" errors="0">
  <testcase name="verifytoast" time="11.768" classname="Script.Tooltip"/>
  <system-out/>
</testsuite> <!-- Script.Tooltip -->
