<?xml version="1.0" encoding="UTF-8"?>
<!-- Generated by org.testng.reporters.JUnitReportReporter -->
<testsuite skipped="0" hostname="Dell-Falca-34ZLN12" name="Script.Amzn" tests="1" failures="0" timestamp="2021-05-25T19:56:51 IST" time="19.020" errors="0">
  <testcase name="verifyTitle" time="19.020" classname="Script.Amzn"/>
  <system-out/>
</testsuite> <!-- Script.Amzn -->
