<?xml version="1.0" encoding="UTF-8"?>
<!-- Generated by org.testng.reporters.JUnitReportReporter -->
<testsuite skipped="0" hostname="Dell-Falca-34ZLN12" name="Script.AmazonTitle" tests="2" failures="0" timestamp="2021-03-23T22:50:29 IST" time="11.391" errors="0">
  <testcase name="amazonlogin" time="11.378" classname="Script.AmazonTitle"/>
  <system-out/>
  <testcase name="signup" time="0.013" classname="Script.AmazonTitle"/>
  <system-out/>
</testsuite> <!-- Script.AmazonTitle -->
