<?xml version="1.0" encoding="UTF-8"?>
<!-- Generated by org.testng.reporters.JUnitReportReporter -->
<testsuite skipped="0" hostname="Dell-Falca-34ZLN12" name="Script.ScreenResolution" tests="1" failures="0" timestamp="03 Feb 2021 11:37:07 GMT" time="0.103" errors="0">
  <testcase name="resolution" time="0.103" classname="Script.ScreenResolution"/>
</testsuite> <!-- Script.ScreenResolution -->
