<?xml version="1.0" encoding="UTF-8"?>
<!-- Generated by org.testng.reporters.JUnitReportReporter -->
<testsuite skipped="0" hostname="Dell-Falca-34ZLN12" name="Script.AmazonTitle" tests="2" failures="0" timestamp="2021-04-05T14:16:39 IST" time="8.441" errors="0">
  <testcase name="amazonlogin" time="8.418" classname="Script.AmazonTitle"/>
  <system-out/>
  <testcase name="signup" time="0.023" classname="Script.AmazonTitle"/>
  <system-out/>
</testsuite> <!-- Script.AmazonTitle -->
