<?xml version="1.0" encoding="UTF-8"?>
<!-- Generated by org.testng.reporters.JUnitReportReporter -->
<testsuite skipped="0" hostname="Dell-Falca-34ZLN12" name="Script.AmazonTitle" tests="2" failures="0" timestamp="2021-03-22T11:25:44 IST" time="10.108" errors="0">
  <testcase name="amazonlogin" time="10.086" classname="Script.AmazonTitle"/>
  <system-out/>
  <testcase name="signup" time="0.022" classname="Script.AmazonTitle"/>
  <system-out/>
</testsuite> <!-- Script.AmazonTitle -->
