<?xml version="1.0" encoding="UTF-8"?>
<!-- Generated by org.testng.reporters.JUnitReportReporter -->
<testsuite skipped="0" hostname="Dell-Falca-34ZLN12" name="Script.Screenshot" tests="1" failures="0" timestamp="03 Sep 2020 09:19:52 GMT" time="52.098" errors="0">
  <testcase name="flip" time="52.098" classname="Script.Screenshot"/>
</testsuite> <!-- Script.Screenshot -->
