<?xml version="1.0" encoding="UTF-8"?>
<!-- Generated by org.testng.reporters.JUnitReportReporter -->
<testsuite skipped="0" hostname="Dell-Falca-34ZLN12" name="Script.Amzn" tests="1" failures="0" timestamp="2021-05-25T19:37:53 IST" time="26.666" errors="0">
  <testcase name="login" time="26.666" classname="Script.Amzn"/>
  <system-out/>
</testsuite> <!-- Script.Amzn -->
