<?xml version="1.0" encoding="UTF-8"?>
<!-- Generated by org.testng.reporters.JUnitReportReporter -->
<testsuite skipped="0" hostname="Dell-Falca-34ZLN12" name="Script.AmazonTitle" tests="2" failures="0" timestamp="12 Mar 2021 15:28:55 GMT" time="20.240" errors="0">
  <testcase name="amazonlogin" time="20.214" classname="Script.AmazonTitle"/>
  <testcase name="signup" time="0.026" classname="Script.AmazonTitle"/>
</testsuite> <!-- Script.AmazonTitle -->
