<?xml version="1.0" encoding="UTF-8"?>
<!-- Generated by org.testng.reporters.JUnitReportReporter -->
<testsuite skipped="0" hostname="Dell-Falca-34ZLN12" name="Script.FacebookLogin" tests="1" failures="0" timestamp="12 Mar 2021 06:10:59 GMT" time="5.202" errors="0">
  <testcase name="flip" time="5.202" classname="Script.FacebookLogin"/>
</testsuite> <!-- Script.FacebookLogin -->
