<?xml version="1.0" encoding="UTF-8"?>
<!-- Generated by org.testng.reporters.JUnitReportReporter -->
<testsuite skipped="0" hostname="Dell-Falca-34ZLN12" name="Script.AmazonTitle" tests="2" failures="0" timestamp="2021-03-24T10:53:41 IST" time="11.586" errors="0">
  <testcase name="amazonlogin" time="11.575" classname="Script.AmazonTitle"/>
  <system-out/>
  <testcase name="signup" time="0.011" classname="Script.AmazonTitle"/>
  <system-out/>
</testsuite> <!-- Script.AmazonTitle -->
