<?xml version="1.0" encoding="UTF-8"?>
<!-- Generated by org.testng.reporters.JUnitReportReporter -->
<testsuite skipped="0" hostname="Dell-Falca-34ZLN12" name="Script.Amzn" tests="1" failures="0" timestamp="2021-03-19T14:54:32 IST" time="38.240" errors="0">
  <testcase name="login" time="38.240" classname="Script.Amzn"/>
</testsuite> <!-- Script.Amzn -->
