<?xml version="1.0" encoding="UTF-8"?>
<!-- Generated by org.testng.reporters.JUnitReportReporter -->
<testsuite skipped="0" hostname="Dell-Falca-34ZLN12" name="Script.Amzn" tests="1" failures="0" timestamp="12 Mar 2021 12:31:52 GMT" time="34.255" errors="0">
  <testcase name="login" time="34.255" classname="Script.Amzn"/>
</testsuite> <!-- Script.Amzn -->
