<?xml version="1.0" encoding="UTF-8"?>
<!-- Generated by org.testng.reporters.JUnitReportReporter -->
<testsuite skipped="0" hostname="Dell-Falca-34ZLN12" name="Script.AmazonTitle" tests="2" failures="0" timestamp="2021-03-19T14:54:32 IST" time="10.773" errors="0">
  <testcase name="signup" time="0.027" classname="Script.AmazonTitle"/>
  <testcase name="amazonlogin" time="10.746" classname="Script.AmazonTitle"/>
</testsuite> <!-- Script.AmazonTitle -->
