<?xml version="1.0" encoding="UTF-8"?>
<!-- Generated by org.testng.reporters.JUnitReportReporter -->
<testsuite skipped="0" hostname="Dell-Falca-34ZLN12" name="Script.AmazonTitle" tests="2" failures="0" timestamp="12 Mar 2021 15:30:18 GMT" time="15.056" errors="0">
  <testcase name="amazonlogin" time="15.045" classname="Script.AmazonTitle"/>
  <testcase name="signup" time="0.011" classname="Script.AmazonTitle"/>
</testsuite> <!-- Script.AmazonTitle -->
