<?xml version="1.0" encoding="UTF-8"?>
<!-- Generated by org.testng.reporters.JUnitReportReporter -->
<testsuite skipped="0" hostname="Dell-Falca-34ZLN12" name="Script.Amzn" tests="1" failures="0" timestamp="12 Mar 2021 11:57:28 GMT" time="25.743" errors="0">
  <testcase name="login" time="25.743" classname="Script.Amzn"/>
</testsuite> <!-- Script.Amzn -->
